{"level":"info","message":"Successfully got list of movies","timestamp":"2022-07-07T03:03:35.018Z"}
{"level":"info","message":"Successfully got list of movies","timestamp":"2022-07-07T03:04:32.326Z"}
{"level":"error","message":"Error getting list of movies","timestamp":"2022-07-07T03:08:25.389Z"}
{"level":"info","message":"Redis connected successfully","timestamp":"2022-07-07T03:18:50.882Z"}
{"level":"info","message":"Server created successfully","timestamp":"2022-07-07T03:19:50.730Z"}
{"level":"info","message":"Redis connected successfully","timestamp":"2022-07-07T03:19:50.742Z"}
{"level":"info","message":"Server created successfully","timestamp":"2022-07-07T03:20:11.809Z"}
{"level":"info","message":"Redis connected successfully","timestamp":"2022-07-07T03:20:11.820Z"}
{"level":"info","message":"Server created successfully","timestamp":"2022-07-07T03:20:18.590Z"}
{"level":"info","message":"Redis connected successfully","timestamp":"2022-07-07T03:20:18.604Z"}
{"level":"info","message":"Successfully got list of movies","timestamp":"2022-07-07T03:20:41.122Z"}
{"level":"info","message":"Server created successfully","timestamp":"2022-07-07T03:22:56.300Z"}
{"level":"info","message":"Redis connected successfully","timestamp":"2022-07-07T03:22:56.312Z"}
{"level":"info","message":"Server created successfully","timestamp":"2022-07-07T03:24:52.144Z"}
{"level":"info","message":"Redis connected successfully","timestamp":"2022-07-07T03:24:52.154Z"}
{"level":"info","message":"Server created successfully","timestamp":"2022-07-07T03:25:15.066Z"}
{"level":"info","message":"Redis connected successfully","timestamp":"2022-07-07T03:25:15.076Z"}
{"level":"info","message":"Server created successfully","timestamp":"2022-07-07T03:25:33.921Z"}
{"level":"info","message":"Redis connected successfully","timestamp":"2022-07-07T03:25:33.931Z"}
{"level":"info","message":"Server created successfully","timestamp":"2022-07-07T03:26:57.161Z"}
{"level":"info","message":"Redis connected successfully","timestamp":"2022-07-07T03:26:57.175Z"}
{"level":"info","message":"Server created successfully","timestamp":"2022-07-07T03:27:12.577Z"}
{"level":"info","message":"Redis connected successfully","timestamp":"2022-07-07T03:27:12.593Z"}
{"level":"info","message":"Successfully got list of movies","timestamp":"2022-07-07T03:27:34.316Z"}
{"level":"info","message":"Successfully got list of movies","timestamp":"2022-07-07T03:27:41.525Z"}
{"level":"info","message":"Successfully got list of movies","timestamp":"2022-07-07T03:27:52.568Z"}
{"level":"info","message":"Server created successfully","timestamp":"2022-07-07T03:28:09.292Z"}
{"level":"info","message":"Redis connected successfully","timestamp":"2022-07-07T03:28:09.303Z"}
{"level":"info","message":"Successfully got list of movies","timestamp":"2022-07-07T03:28:16.473Z"}
{"level":"info","message":"Server created successfully","timestamp":"2022-07-07T03:28:43.717Z"}
{"level":"info","message":"Redis connected successfully","timestamp":"2022-07-07T03:28:43.728Z"}
{"level":"info","message":"Server created successfully","timestamp":"2022-07-07T03:28:53.625Z"}
{"level":"info","message":"Redis connected successfully","timestamp":"2022-07-07T03:28:53.635Z"}
{"level":"info","message":"Server created successfully","timestamp":"2022-07-07T03:30:19.148Z"}
{"level":"info","message":"Redis connected successfully","timestamp":"2022-07-07T03:30:19.158Z"}
{"level":"info","message":"Server created successfully","timestamp":"2022-07-07T03:30:21.056Z"}
{"level":"info","message":"Redis connected successfully","timestamp":"2022-07-07T03:30:21.068Z"}
{"level":"info","message":"Successfully got list of movies","timestamp":"2022-07-07T03:30:31.919Z"}
{"level":"info","message":"Server created successfully","timestamp":"2022-07-07T03:30:41.316Z"}
{"level":"info","message":"Redis connected successfully","timestamp":"2022-07-07T03:30:41.327Z"}
{"level":"info","message":"Server created successfully","timestamp":"2022-07-07T03:30:44.675Z"}
{"level":"info","message":"Redis connected successfully","timestamp":"2022-07-07T03:30:44.686Z"}
{"level":"info","message":"Successfully got list of movies","timestamp":"2022-07-07T03:30:46.301Z"}
{"level":"info","message":"Server created successfully","timestamp":"2022-07-07T03:30:57.008Z"}
{"level":"info","message":"Redis connected successfully","timestamp":"2022-07-07T03:30:57.019Z"}
{"level":"info","message":"Server created successfully","timestamp":"2022-07-07T03:30:58.921Z"}
{"level":"info","message":"Redis connected successfully","timestamp":"2022-07-07T03:30:58.933Z"}
{"level":"info","message":"Successfully got list of movies","timestamp":"2022-07-07T03:30:59.734Z"}
{"level":"info","message":"Server created successfully","timestamp":"2022-07-07T03:31:15.573Z"}
{"level":"info","message":"Redis connected successfully","timestamp":"2022-07-07T03:31:15.583Z"}
{"level":"info","message":"Successfully got list of movies","timestamp":"2022-07-07T03:31:16.188Z"}
{"level":"info","message":"Server created successfully","timestamp":"2022-07-07T03:31:25.971Z"}
{"level":"info","message":"Redis connected successfully","timestamp":"2022-07-07T03:31:25.982Z"}
{"level":"info","message":"Server created successfully","timestamp":"2022-07-07T03:31:39.504Z"}
{"level":"info","message":"Redis connected successfully","timestamp":"2022-07-07T03:31:39.515Z"}
{"level":"info","message":"Successfully got list of movies","timestamp":"2022-07-07T03:31:41.774Z"}
{"level":"info","message":"Successfully got list of movies","timestamp":"2022-07-07T03:31:46.993Z"}
{"level":"info","message":"Successfully got list of movies","timestamp":"2022-07-07T03:31:51.665Z"}
{"level":"info","message":"Successfully got list of movies","timestamp":"2022-07-07T03:31:56.329Z"}
{"level":"info","message":"Successfully got list of movies","timestamp":"2022-07-07T03:32:00.954Z"}
{"level":"info","message":"Server created successfully","timestamp":"2022-07-07T03:32:38.573Z"}
{"level":"info","message":"Redis connected successfully","timestamp":"2022-07-07T03:32:38.587Z"}
{"level":"info","message":"Server created successfully","timestamp":"2022-07-07T03:32:49.746Z"}
{"level":"info","message":"Redis connected successfully","timestamp":"2022-07-07T03:32:49.757Z"}
{"level":"info","message":"Server created successfully","timestamp":"2022-07-07T03:32:56.080Z"}
{"level":"info","message":"Redis connected successfully","timestamp":"2022-07-07T03:32:56.101Z"}
{"level":"info","message":"Successfully got list of movies","timestamp":"2022-07-07T03:32:58.400Z"}
{"level":"info","message":"Successfully got list of movies","timestamp":"2022-07-07T03:33:00.839Z"}
{"level":"info","message":"Server created successfully","timestamp":"2022-07-07T03:33:31.474Z"}
{"level":"info","message":"Redis connected successfully","timestamp":"2022-07-07T03:33:31.485Z"}
{"level":"info","message":"Server created successfully","timestamp":"2022-07-07T03:33:46.396Z"}
{"level":"info","message":"Redis connected successfully","timestamp":"2022-07-07T03:33:46.408Z"}
{"level":"info","message":"Server created successfully","timestamp":"2022-07-07T03:34:05.807Z"}
{"level":"info","message":"Redis connected successfully","timestamp":"2022-07-07T03:34:05.820Z"}
{"level":"info","message":"Server created successfully","timestamp":"2022-07-07T03:34:24.722Z"}
{"level":"info","message":"Redis connected successfully","timestamp":"2022-07-07T03:34:24.733Z"}
{"level":"error","message":"Un handled rejection","timestamp":"2022-07-07T03:34:31.489Z"}
{"level":"info","message":"Server created successfully","timestamp":"2022-07-07T03:35:25.902Z"}
{"level":"info","message":"Redis connected successfully","timestamp":"2022-07-07T03:35:25.914Z"}
{"level":"info","message":"Server created successfully","timestamp":"2022-07-07T03:35:32.921Z"}
{"level":"info","message":"Redis connected successfully","timestamp":"2022-07-07T03:35:32.930Z"}
{"level":"info","message":"Server created successfully","timestamp":"2022-07-07T03:35:51.744Z"}
{"level":"info","message":"Redis connected successfully","timestamp":"2022-07-07T03:35:51.755Z"}
{"level":"error","message":"Un handled rejection","timestamp":"2022-07-07T03:35:53.379Z"}
{"level":"info","message":"Server created successfully","timestamp":"2022-07-07T03:36:22.035Z"}
{"level":"info","message":"Redis connected successfully","timestamp":"2022-07-07T03:36:22.055Z"}
{"level":"info","message":"Server created successfully","timestamp":"2022-07-07T03:36:34.509Z"}
{"level":"info","message":"Redis connected successfully","timestamp":"2022-07-07T03:36:34.523Z"}
{"level":"error","message":"Un handled rejection","timestamp":"2022-07-07T03:36:35.948Z"}
{"level":"info","message":"Server created successfully","timestamp":"2022-07-07T03:37:26.050Z"}
{"level":"info","message":"Redis connected successfully","timestamp":"2022-07-07T03:37:26.061Z"}
{"level":"info","message":"Server created successfully","timestamp":"2022-07-07T03:37:34.132Z"}
{"level":"info","message":"Redis connected successfully","timestamp":"2022-07-07T03:37:34.142Z"}
{"level":"error","message":"Un handled rejection","timestamp":"2022-07-07T03:37:48.322Z"}
{"level":"info","message":"Server created successfully","timestamp":"2022-07-07T03:38:45.669Z"}
{"level":"info","message":"Redis connected successfully","timestamp":"2022-07-07T03:38:45.678Z"}
{"level":"info","message":"Server created successfully","timestamp":"2022-07-07T03:38:47.355Z"}
{"level":"info","message":"Redis connected successfully","timestamp":"2022-07-07T03:38:47.365Z"}
{"level":"error","message":"Un handled rejection","timestamp":"2022-07-07T03:38:49.727Z"}
{"level":"info","message":"Server created successfully","timestamp":"2022-07-07T03:38:56.695Z"}
{"level":"info","message":"Redis connected successfully","timestamp":"2022-07-07T03:38:56.706Z"}
{"level":"error","message":"Un handled rejection","timestamp":"2022-07-07T03:38:58.865Z"}
{"level":"info","message":"Server created successfully","timestamp":"2022-07-07T03:40:03.068Z"}
{"level":"info","message":"Redis connected successfully","timestamp":"2022-07-07T03:40:03.080Z"}
{"level":"info","message":"Server created successfully","timestamp":"2022-07-07T03:40:05.334Z"}
{"level":"info","message":"Redis connected successfully","timestamp":"2022-07-07T03:40:05.347Z"}
{"level":"error","message":"Un handled rejection","timestamp":"2022-07-07T03:40:08.402Z"}
{"level":"info","message":"Server created successfully","timestamp":"2022-07-07T03:40:19.945Z"}
{"level":"info","message":"Redis connected successfully","timestamp":"2022-07-07T03:40:19.958Z"}
{"level":"error","message":"Un handled rejection","timestamp":"2022-07-07T03:40:21.536Z"}
{"level":"info","message":"Server created successfully","timestamp":"2022-07-07T03:40:44.958Z"}
{"level":"info","message":"Redis connected successfully","timestamp":"2022-07-07T03:40:44.970Z"}
{"level":"info","message":"Server created successfully","timestamp":"2022-07-07T03:41:01.444Z"}
{"level":"info","message":"Redis connected successfully","timestamp":"2022-07-07T03:41:01.453Z"}
{"level":"info","message":"Server created successfully","timestamp":"2022-07-07T03:41:02.764Z"}
{"level":"info","message":"Redis connected successfully","timestamp":"2022-07-07T03:41:02.774Z"}
{"level":"error","message":"Un handled rejection","timestamp":"2022-07-07T03:41:04.161Z"}
{"level":"info","message":"Server created successfully","timestamp":"2022-07-07T03:41:31.001Z"}
{"level":"info","message":"Redis connected successfully","timestamp":"2022-07-07T03:41:31.015Z"}
{"level":"error","message":"Un handled rejection","timestamp":"2022-07-07T03:41:31.964Z"}
{"level":"error","message":"Un handled rejection","timestamp":"2022-07-07T03:41:36.507Z"}
{"level":"info","message":"Server created successfully","timestamp":"2022-07-07T03:42:02.212Z"}
{"level":"info","message":"Redis connected successfully","timestamp":"2022-07-07T03:42:02.220Z"}
{"level":"info","message":"Server created successfully","timestamp":"2022-07-07T03:42:02.996Z"}
{"level":"info","message":"Redis connected successfully","timestamp":"2022-07-07T03:42:03.006Z"}
{"level":"info","message":"Server created successfully","timestamp":"2022-07-07T03:42:08.494Z"}
{"level":"info","message":"Redis connected successfully","timestamp":"2022-07-07T03:42:08.505Z"}
{"level":"info","message":"Server created successfully","timestamp":"2022-07-07T03:42:14.768Z"}
{"level":"info","message":"Redis connected successfully","timestamp":"2022-07-07T03:42:14.779Z"}
{"level":"info","message":"Server created successfully","timestamp":"2022-07-07T03:42:18.690Z"}
{"level":"info","message":"Redis connected successfully","timestamp":"2022-07-07T03:42:18.704Z"}
{"level":"info","message":"Server created successfully","timestamp":"2022-07-07T03:42:48.578Z"}
{"level":"info","message":"Redis connected successfully","timestamp":"2022-07-07T03:42:48.588Z"}
{"level":"info","message":"Server created successfully","timestamp":"2022-07-07T03:42:59.925Z"}
{"level":"info","message":"Redis connected successfully","timestamp":"2022-07-07T03:42:59.939Z"}
{"level":"info","message":"Server created successfully","timestamp":"2022-07-07T03:43:02.167Z"}
{"level":"info","message":"Redis connected successfully","timestamp":"2022-07-07T03:43:02.180Z"}
{"level":"info","message":"Server created successfully","timestamp":"2022-07-07T03:44:16.176Z"}
{"level":"info","message":"Redis connected successfully","timestamp":"2022-07-07T03:44:16.189Z"}
{"level":"info","message":"Server created successfully","timestamp":"2022-07-07T03:44:26.956Z"}
{"level":"info","message":"Redis connected successfully","timestamp":"2022-07-07T03:44:26.967Z"}
{"level":"info","message":"Server created successfully","timestamp":"2022-07-07T03:44:36.381Z"}
{"level":"info","message":"Redis connected successfully","timestamp":"2022-07-07T03:44:36.395Z"}
{"level":"info","message":"Server created successfully","timestamp":"2022-07-07T03:44:42.325Z"}
{"level":"info","message":"Redis connected successfully","timestamp":"2022-07-07T03:44:42.336Z"}
{"level":"info","message":"Server created successfully","timestamp":"2022-07-07T03:44:46.743Z"}
{"level":"info","message":"Redis connected successfully","timestamp":"2022-07-07T03:44:46.754Z"}
{"level":"error","message":"Un handled rejection","timestamp":"2022-07-07T03:44:52.882Z"}
{"level":"error","message":"Un handled rejection","timestamp":"2022-07-07T03:44:56.321Z"}
{"level":"error","message":"Un handled rejection","timestamp":"2022-07-07T03:45:01.386Z"}
{"level":"info","message":"Server created successfully","timestamp":"2022-07-07T03:45:20.428Z"}
{"level":"info","message":"Redis connected successfully","timestamp":"2022-07-07T03:45:20.440Z"}
{"level":"error","message":"Un handled rejection","timestamp":"2022-07-07T03:45:25.846Z"}
{"level":"info","message":"Server created successfully","timestamp":"2022-07-07T03:45:51.760Z"}
{"level":"info","message":"Redis connected successfully","timestamp":"2022-07-07T03:45:51.770Z"}
{"level":"info","message":"Server created successfully","timestamp":"2022-07-07T03:45:53.058Z"}
{"level":"info","message":"Redis connected successfully","timestamp":"2022-07-07T03:45:53.068Z"}
{"level":"info","message":"Server created successfully","timestamp":"2022-07-07T03:45:56.357Z"}
{"level":"info","message":"Redis connected successfully","timestamp":"2022-07-07T03:45:56.369Z"}
{"level":"info","message":"Server created successfully","timestamp":"2022-07-07T03:46:05.333Z"}
{"level":"info","message":"Redis connected successfully","timestamp":"2022-07-07T03:46:05.354Z"}
{"level":"error","message":"Un handled rejection reply interface called twice","stack":"Error: reply interface called twice\n    at Object.exports.assert (/Users/ragulcs/Desktop/filmly/server/node_modules/hoek/lib/index.js:740:11)\n    at Function.internals.response (/Users/ragulcs/Desktop/filmly/server/node_modules/hapi/lib/reply.js:164:10)\n    at bound (domain.js:421:15)\n    at Function.runBound [as response] (domain.js:432:12)\n    at reply (/Users/ragulcs/Desktop/filmly/server/node_modules/hapi/lib/reply.js:72:22)\n    at bound (domain.js:421:15)\n    at runBound (domain.js:432:12)\n    at /Users/ragulcs/Desktop/filmly/server/node_modules/hapi/lib/handler.js:105:36\n    at processTicksAndRejections (internal/process/task_queues.js:95:5)","timestamp":"2022-07-07T03:46:06.430Z"}
{"level":"info","message":"Server created successfully","timestamp":"2022-07-07T03:46:21.391Z"}
{"level":"info","message":"Redis connected successfully","timestamp":"2022-07-07T03:46:21.403Z"}
{"level":"error","message":"Un handled rejection","timestamp":"2022-07-07T03:46:22.521Z"}
{"level":"info","message":"Server created successfully","timestamp":"2022-07-07T03:46:45.965Z"}
{"level":"info","message":"Redis connected successfully","timestamp":"2022-07-07T03:46:45.976Z"}
{"level":"error","message":"Un handled rejection","timestamp":"2022-07-07T03:46:47.131Z"}
{"level":"info","message":"Server created successfully","timestamp":"2022-07-07T03:46:59.063Z"}
{"level":"info","message":"Redis connected successfully","timestamp":"2022-07-07T03:46:59.074Z"}
{"level":"error","message":"Un handled rejection reply interface called twice","stack":"Error: reply interface called twice\n    at Object.exports.assert (/Users/ragulcs/Desktop/filmly/server/node_modules/hoek/lib/index.js:740:11)\n    at Function.internals.response (/Users/ragulcs/Desktop/filmly/server/node_modules/hapi/lib/reply.js:164:10)\n    at bound (domain.js:421:15)\n    at Function.runBound [as response] (domain.js:432:12)\n    at reply (/Users/ragulcs/Desktop/filmly/server/node_modules/hapi/lib/reply.js:72:22)\n    at bound (domain.js:421:15)\n    at runBound (domain.js:432:12)\n    at /Users/ragulcs/Desktop/filmly/server/node_modules/hapi/lib/handler.js:105:36\n    at processTicksAndRejections (internal/process/task_queues.js:95:5)","timestamp":"2022-07-07T03:47:04.209Z"}
{"level":"info","message":"Server created successfully","timestamp":"2022-07-07T03:47:10.429Z"}
{"level":"info","message":"Redis connected successfully","timestamp":"2022-07-07T03:47:10.440Z"}
